0 info it worked if it ends with ok
1 verbose cli [ '/usr/bin/nodejs',
1 verbose cli   '/usr/bin/npm',
1 verbose cli   'install',
1 verbose cli   'gitbook-cli',
1 verbose cli   '-g' ]
2 info using npm@2.15.9
3 info using node@v4.5.0
4 verbose install initial load of /usr/lib/package.json
5 verbose readDependencies loading dependencies from /usr/lib/package.json
6 silly cache add args [ 'gitbook-cli', null ]
7 verbose cache add spec gitbook-cli
8 silly cache add parsed spec Result {
8 silly cache add   raw: 'gitbook-cli',
8 silly cache add   scope: null,
8 silly cache add   name: 'gitbook-cli',
8 silly cache add   rawSpec: '',
8 silly cache add   spec: 'latest',
8 silly cache add   type: 'tag' }
9 silly addNamed gitbook-cli@latest
10 verbose addNamed "latest" is being treated as a dist-tag for gitbook-cli
11 info addNameTag [ 'gitbook-cli', 'latest' ]
12 silly mapToRegistry name gitbook-cli
13 silly mapToRegistry using default registry
14 silly mapToRegistry registry https://registry.npmjs.org/
15 silly mapToRegistry data Result {
15 silly mapToRegistry   raw: 'gitbook-cli',
15 silly mapToRegistry   scope: null,
15 silly mapToRegistry   name: 'gitbook-cli',
15 silly mapToRegistry   rawSpec: '',
15 silly mapToRegistry   spec: 'latest',
15 silly mapToRegistry   type: 'tag' }
16 silly mapToRegistry uri https://registry.npmjs.org/gitbook-cli
17 verbose addNameTag registry:https://registry.npmjs.org/gitbook-cli not in flight; fetching
18 verbose request uri https://registry.npmjs.org/gitbook-cli
19 verbose request no auth needed
20 info attempt registry request try #1 at 5:30:25 PM
21 verbose request id 763794ab02d24536
22 http request GET https://registry.npmjs.org/gitbook-cli
23 http 200 https://registry.npmjs.org/gitbook-cli
24 verbose headers { server: 'CouchDB/1.5.0 (Erlang OTP/R16B03)',
24 verbose headers   etag: '"CZKZDJA2C67EQVJ2I1PWHEKPI"',
24 verbose headers   'content-type': 'application/json',
24 verbose headers   'content-encoding': 'gzip',
24 verbose headers   'cache-control': 'max-age=300',
24 verbose headers   'content-length': '4784',
24 verbose headers   'accept-ranges': 'bytes',
24 verbose headers   date: 'Sun, 11 Sep 2016 12:00:26 GMT',
24 verbose headers   via: '1.1 varnish',
24 verbose headers   age: '0',
24 verbose headers   connection: 'keep-alive',
24 verbose headers   'x-served-by': 'cache-sin6920-SIN',
24 verbose headers   'x-cache': 'MISS',
24 verbose headers   'x-cache-hits': '0',
24 verbose headers   'x-timer': 'S1473595226.103224,VS0,VE256',
24 verbose headers   vary: 'Accept-Encoding' }
25 silly get cb [ 200,
25 silly get   { server: 'CouchDB/1.5.0 (Erlang OTP/R16B03)',
25 silly get     etag: '"CZKZDJA2C67EQVJ2I1PWHEKPI"',
25 silly get     'content-type': 'application/json',
25 silly get     'content-encoding': 'gzip',
25 silly get     'cache-control': 'max-age=300',
25 silly get     'content-length': '4784',
25 silly get     'accept-ranges': 'bytes',
25 silly get     date: 'Sun, 11 Sep 2016 12:00:26 GMT',
25 silly get     via: '1.1 varnish',
25 silly get     age: '0',
25 silly get     connection: 'keep-alive',
25 silly get     'x-served-by': 'cache-sin6920-SIN',
25 silly get     'x-cache': 'MISS',
25 silly get     'x-cache-hits': '0',
25 silly get     'x-timer': 'S1473595226.103224,VS0,VE256',
25 silly get     vary: 'Accept-Encoding' } ]
26 verbose get saving gitbook-cli to /home/sunil/.npm/registry.npmjs.org/gitbook-cli/.cache.json
27 verbose correctMkdir /home/sunil/.npm correctMkdir not in flight; initializing
28 silly addNameTag next cb for gitbook-cli with tag latest
29 silly addNamed gitbook-cli@2.3.0
30 verbose addNamed "2.3.0" is a plain semver version for gitbook-cli
31 silly mapToRegistry name gitbook-cli
32 silly mapToRegistry using default registry
33 silly mapToRegistry registry https://registry.npmjs.org/
34 silly mapToRegistry data Result {
34 silly mapToRegistry   raw: 'gitbook-cli',
34 silly mapToRegistry   scope: null,
34 silly mapToRegistry   name: 'gitbook-cli',
34 silly mapToRegistry   rawSpec: '',
34 silly mapToRegistry   spec: 'latest',
34 silly mapToRegistry   type: 'tag' }
35 silly mapToRegistry uri https://registry.npmjs.org/gitbook-cli
36 verbose addRemoteTarball https://registry.npmjs.org/gitbook-cli/-/gitbook-cli-2.3.0.tgz not in flight; adding
37 verbose addRemoteTarball [ 'https://registry.npmjs.org/gitbook-cli/-/gitbook-cli-2.3.0.tgz',
37 verbose addRemoteTarball   '01a360de71a48e53277ed2cb1abf6c60a0901576' ]
38 info retry fetch attempt 1 at 5:30:26 PM
39 info attempt registry request try #1 at 5:30:26 PM
40 http fetch GET https://registry.npmjs.org/gitbook-cli/-/gitbook-cli-2.3.0.tgz
41 http fetch 200 https://registry.npmjs.org/gitbook-cli/-/gitbook-cli-2.3.0.tgz
42 silly fetchAndShaCheck shasum 01a360de71a48e53277ed2cb1abf6c60a0901576
43 verbose addTmpTarball /tmp/npm-17928-1dfdf042/registry.npmjs.org/gitbook-cli/-/gitbook-cli-2.3.0.tgz not in flight; adding
44 verbose addTmpTarball already have metadata; skipping unpack for gitbook-cli@2.3.0
45 verbose correctMkdir /home/sunil/.npm correctMkdir not in flight; initializing
46 silly cache afterAdd gitbook-cli@2.3.0
47 verbose afterAdd /home/sunil/.npm/gitbook-cli/2.3.0/package/package.json not in flight; writing
48 verbose correctMkdir /home/sunil/.npm correctMkdir not in flight; initializing
49 verbose afterAdd /home/sunil/.npm/gitbook-cli/2.3.0/package/package.json written
50 silly install resolved [ { name: 'gitbook-cli',
50 silly install resolved     version: '2.3.0',
50 silly install resolved     homepage: 'https://www.gitbook.com',
50 silly install resolved     description: 'CLI to generate books and documentation using gitbook',
50 silly install resolved     main: 'bin/gitbook.js',
50 silly install resolved     dependencies:
50 silly install resolved      { q: '1.4.1',
50 silly install resolved        lodash: '4.5.1',
50 silly install resolved        semver: '5.1.0',
50 silly install resolved        npmi: '1.0.1',
50 silly install resolved        tmp: '0.0.28',
50 silly install resolved        commander: '2.9.0',
50 silly install resolved        optimist: '0.6.1',
50 silly install resolved        'fs-extra': '0.26.5',
50 silly install resolved        'bash-color': '0.0.4',
50 silly install resolved        npm: '3.7.5',
50 silly install resolved        'user-home': '2.0.0' },
50 silly install resolved     devDependencies: { mocha: '2.4.5', should: '8.2.2', gitbook: '2.5.0-beta.1' },
50 silly install resolved     scripts: { test: 'mocha --reporter spec --recursive --bail' },
50 silly install resolved     repository:
50 silly install resolved      { type: 'git',
50 silly install resolved        url: 'git+https://github.com/GitbookIO/gitbook-cli.git' },
50 silly install resolved     author: { name: 'FriendCode Inc.', email: 'contact@gitbook.com' },
50 silly install resolved     license: 'Apache-2.0',
50 silly install resolved     bugs: { url: 'https://github.com/GitbookIO/gitbook-cli/issues' },
50 silly install resolved     bin: { gitbook: './bin/gitbook.js' },
50 silly install resolved     contributors: [ [Object], [Object] ],
50 silly install resolved     gitHead: 'e940bb338a0cdee2398d3d9c8a7781e772b947e3',
50 silly install resolved     _id: 'gitbook-cli@2.3.0',
50 silly install resolved     _shasum: '01a360de71a48e53277ed2cb1abf6c60a0901576',
50 silly install resolved     _from: 'gitbook-cli@latest',
50 silly install resolved     _npmVersion: '3.7.5',
50 silly install resolved     _nodeVersion: '5.1.0',
50 silly install resolved     _npmUser: { name: 'samypesse', email: 'samypesse@gmail.com' },
50 silly install resolved     dist:
50 silly install resolved      { shasum: '01a360de71a48e53277ed2cb1abf6c60a0901576',
50 silly install resolved        tarball: 'https://registry.npmjs.org/gitbook-cli/-/gitbook-cli-2.3.0.tgz' },
50 silly install resolved     maintainers: [ [Object] ],
50 silly install resolved     _npmOperationalInternal:
50 silly install resolved      { host: 'packages-12-west.internal.npmjs.com',
50 silly install resolved        tmp: 'tmp/gitbook-cli-2.3.0.tgz_1465926440160_0.3532504632603377' },
50 silly install resolved     directories: {},
50 silly install resolved     _resolved: 'https://registry.npmjs.org/gitbook-cli/-/gitbook-cli-2.3.0.tgz' } ]
51 info install gitbook-cli@2.3.0 into /usr/lib
52 info installOne gitbook-cli@2.3.0
53 verbose installOne of gitbook-cli to /usr/lib not in flight; installing
54 verbose correctMkdir /home/sunil/.npm/_locks correctMkdir not in flight; initializing
55 verbose lock using /home/sunil/.npm/_locks/gitbook-cli-352f442d83e46a64.lock for /usr/lib/node_modules/gitbook-cli
56 silly install write writing gitbook-cli 2.3.0 to /usr/lib/node_modules/gitbook-cli
57 verbose unbuild lib/node_modules/gitbook-cli
58 silly gentlyRm /usr/lib/node_modules/gitbook-cli is being purged from base /usr
59 verbose gentlyRm don't care about contents; nuking /usr/lib/node_modules/gitbook-cli
60 verbose tar unpack /home/sunil/.npm/gitbook-cli/2.3.0/package.tgz
61 verbose tar unpacking to /usr/lib/node_modules/gitbook-cli
62 silly gentlyRm /usr/lib/node_modules/gitbook-cli is being purged
63 verbose gentlyRm don't care about contents; nuking /usr/lib/node_modules/gitbook-cli
64 silly gunzTarPerm modes [ '755', '644' ]
65 error tar.unpack untar error /home/sunil/.npm/gitbook-cli/2.3.0/package.tgz
66 verbose unlock done using /home/sunil/.npm/_locks/gitbook-cli-352f442d83e46a64.lock for /usr/lib/node_modules/gitbook-cli
67 verbose fstream_path /usr/lib/node_modules/gitbook-cli
68 verbose fstream_type Directory
69 verbose fstream_class DirWriter
70 verbose stack Error: EACCES: permission denied, mkdir '/usr/lib/node_modules/gitbook-cli'
70 verbose stack     at Error (native)
71 verbose fstream_stack /usr/lib/node_modules/npm/node_modules/fstream/lib/dir-writer.js:35:25
71 verbose fstream_stack /usr/lib/node_modules/npm/node_modules/mkdirp/index.js:47:53
71 verbose fstream_stack FSReqWrap.oncomplete (fs.js:82:15)
72 verbose cwd /home/sunil/project/githubnescode/hellodjango
73 error Linux 3.19.0-32-generic
74 error argv "/usr/bin/nodejs" "/usr/bin/npm" "install" "gitbook-cli" "-g"
75 error node v4.5.0
76 error npm  v2.15.9
77 error path /usr/lib/node_modules/gitbook-cli
78 error code EACCES
79 error errno -13
80 error syscall mkdir
81 error Error: EACCES: permission denied, mkdir '/usr/lib/node_modules/gitbook-cli'
81 error     at Error (native)
81 error  { [Error: EACCES: permission denied, mkdir '/usr/lib/node_modules/gitbook-cli']
81 error   errno: -13,
81 error   code: 'EACCES',
81 error   syscall: 'mkdir',
81 error   path: '/usr/lib/node_modules/gitbook-cli',
81 error   fstream_type: 'Directory',
81 error   fstream_path: '/usr/lib/node_modules/gitbook-cli',
81 error   fstream_class: 'DirWriter',
81 error   fstream_stack:
81 error    [ '/usr/lib/node_modules/npm/node_modules/fstream/lib/dir-writer.js:35:25',
81 error      '/usr/lib/node_modules/npm/node_modules/mkdirp/index.js:47:53',
81 error      'FSReqWrap.oncomplete (fs.js:82:15)' ] }
82 error Please try running this command again as root/Administrator.
83 verbose exit [ -13, true ]
84 verbose unbuild lib/node_modules/gitbook-cli
85 silly gentlyRm /usr/lib/node_modules/gitbook-cli is being purged from base /usr
86 verbose gentlyRm don't care about contents; nuking /usr/lib/node_modules/gitbook-cli
